('SELECT name FROM "main".sqlite_master WHERE type=? ORDER BY name', ('table',))
('SELECT name FROM "main".sqlite_master WHERE type=? ORDER BY name', ('table',))
received query CREATE TABLE IF NOT EXISTS "loginhistorymodel" ("id" INTEGER NOT NULL PRIMARY KEY, "username" VARCHAR(32) NOT NULL, "ip" VARCHAR(32) NOT NULL, "address" VARCHAR(255) NOT NULL, "user_agent" VARCHAR(255) NOT NULL, "system" VARCHAR(32) NOT NULL, "browser" VARCHAR(32) NOT NULL, "version" VARCHAR(32) NOT NULL, "result" INTEGER NOT NULL, "create_time" DATETIME NOT NULL)
('SELECT name FROM "main".sqlite_master WHERE type=? ORDER BY name', ('table',))
('CREATE TABLE IF NOT EXISTS "loginhistorymodel" ("id" INTEGER NOT NULL PRIMARY KEY, "username" VARCHAR(32) NOT NULL, "ip" VARCHAR(32) NOT NULL, "address" VARCHAR(255) NOT NULL, "user_agent" VARCHAR(255) NOT NULL, "system" VARCHAR(32) NOT NULL, "browser" VARCHAR(32) NOT NULL, "version" VARCHAR(32) NOT NULL, "result" INTEGER NOT NULL, "create_time" DATETIME NOT NULL)', [])
('SELECT name FROM "main".sqlite_master WHERE type=? ORDER BY name', ('table',))
received query CREATE TABLE IF NOT EXISTS "schedulehistorymodel" ("id" INTEGER NOT NULL PRIMARY KEY, "scrapyd_server_id" INTEGER NOT NULL, "project" VARCHAR(32) NOT NULL, "spider" VARCHAR(64) NOT NULL, "spider_job_id" VARCHAR(32) NOT NULL, "options" VARCHAR(255) NOT NULL, "message" VARCHAR(255) NOT NULL, "schedule_job_id" VARCHAR(32) NOT NULL, "create_time" DATETIME NOT NULL)
('CREATE TABLE IF NOT EXISTS "schedulehistorymodel" ("id" INTEGER NOT NULL PRIMARY KEY, "scrapyd_server_id" INTEGER NOT NULL, "project" VARCHAR(32) NOT NULL, "spider" VARCHAR(64) NOT NULL, "spider_job_id" VARCHAR(32) NOT NULL, "options" VARCHAR(255) NOT NULL, "message" VARCHAR(255) NOT NULL, "schedule_job_id" VARCHAR(32) NOT NULL, "create_time" DATETIME NOT NULL)', [])
received query CREATE TABLE IF NOT EXISTS "statscollectionmodel" ("id" INTEGER NOT NULL PRIMARY KEY, "scrapyd_server_id" INTEGER NOT NULL, "spider_job_id" VARCHAR(32) NOT NULL, "project" VARCHAR(32) NOT NULL, "spider" VARCHAR(64) NOT NULL, "item_scraped_count" INTEGER NOT NULL, "item_dropped_count" INTEGER NOT NULL, "start_time" DATETIME NOT NULL, "finish_time" DATETIME NOT NULL, "duration" INTEGER NOT NULL, "finish_reason" VARCHAR(64) NOT NULL, "log_error_count" INTEGER NOT NULL, "create_time" DATETIME NOT NULL)
('CREATE TABLE IF NOT EXISTS "statscollectionmodel" ("id" INTEGER NOT NULL PRIMARY KEY, "scrapyd_server_id" INTEGER NOT NULL, "spider_job_id" VARCHAR(32) NOT NULL, "project" VARCHAR(32) NOT NULL, "spider" VARCHAR(64) NOT NULL, "item_scraped_count" INTEGER NOT NULL, "item_dropped_count" INTEGER NOT NULL, "start_time" DATETIME NOT NULL, "finish_time" DATETIME NOT NULL, "duration" INTEGER NOT NULL, "finish_reason" VARCHAR(64) NOT NULL, "log_error_count" INTEGER NOT NULL, "create_time" DATETIME NOT NULL)', [])
received query CREATE TABLE IF NOT EXISTS "scrapydservermodel" ("id" INTEGER NOT NULL PRIMARY KEY, "server_url" VARCHAR(255) NOT NULL, "server_name" VARCHAR(255) NOT NULL, "username" VARCHAR(255) NOT NULL, "password" VARCHAR(255) NOT NULL, "status" INTEGER NOT NULL, "last_time" DATETIME NOT NULL, "create_time" DATETIME NOT NULL, "update_time" DATETIME NOT NULL)
('CREATE TABLE IF NOT EXISTS "scrapydservermodel" ("id" INTEGER NOT NULL PRIMARY KEY, "server_url" VARCHAR(255) NOT NULL, "server_name" VARCHAR(255) NOT NULL, "username" VARCHAR(255) NOT NULL, "password" VARCHAR(255) NOT NULL, "status" INTEGER NOT NULL, "last_time" DATETIME NOT NULL, "create_time" DATETIME NOT NULL, "update_time" DATETIME NOT NULL)', [])
('SELECT name FROM "main".sqlite_master WHERE type=? ORDER BY name', ('table',))
('SELECT name FROM "main".sqlite_master WHERE type=? ORDER BY name', ('table',))
('SELECT name FROM "main".sqlite_master WHERE type=? ORDER BY name', ('table',))
('SELECT name FROM "main".sqlite_master WHERE type=? ORDER BY name', ('table',))
('SELECT name FROM "main".sqlite_master WHERE type=? ORDER BY name', ('table',))
('SELECT name FROM "main".sqlite_master WHERE type=? ORDER BY name', ('table',))
('SELECT name FROM "main".sqlite_master WHERE type=? ORDER BY name', ('table',))
('SELECT name FROM "main".sqlite_master WHERE type=? ORDER BY name', ('table',))
('SELECT name FROM "main".sqlite_master WHERE type=? ORDER BY name', ('table',))
('SELECT name FROM "main".sqlite_master WHERE type=? ORDER BY name', ('table',))
('SELECT name FROM "main".sqlite_master WHERE type=? ORDER BY name', ('table',))
('SELECT name FROM "main".sqlite_master WHERE type=? ORDER BY name', ('table',))
